\BOOKMARK [0][-]{chapter.1}{Introduction}{}% 1
\BOOKMARK [1][-]{section.1.1}{Purpose}{chapter.1}% 2
\BOOKMARK [1][-]{section.1.2}{Actual System}{chapter.1}% 3
\BOOKMARK [1][-]{section.1.3}{Scope}{chapter.1}% 4
\BOOKMARK [1][-]{section.1.4}{Actors}{chapter.1}% 5
\BOOKMARK [1][-]{section.1.5}{Goals}{chapter.1}% 6
\BOOKMARK [1][-]{section.1.6}{Definitions, Acronyms, Abbreviations}{chapter.1}% 7
\BOOKMARK [2][-]{subsection.1.6.1}{Definitions}{section.1.6}% 8
\BOOKMARK [2][-]{subsection.1.6.2}{Acronyms}{section.1.6}% 9
\BOOKMARK [2][-]{subsection.1.6.3}{Abbreviations}{section.1.6}% 10
\BOOKMARK [1][-]{section.1.7}{Reference documents}{chapter.1}% 11
\BOOKMARK [1][-]{section.1.8}{Document overview.}{chapter.1}% 12
\BOOKMARK [0][-]{chapter.2}{Overall Description}{}% 13
\BOOKMARK [1][-]{section.2.1}{Product perspective}{chapter.2}% 14
\BOOKMARK [1][-]{section.2.2}{User Characteristics}{chapter.2}% 15
\BOOKMARK [1][-]{section.2.3}{Constrains}{chapter.2}% 16
\BOOKMARK [2][-]{subsection.2.3.1}{Regulatory Policies}{section.2.3}% 17
\BOOKMARK [2][-]{subsection.2.3.2}{Hardware Limitations}{section.2.3}% 18
\BOOKMARK [2][-]{subsection.2.3.3}{Software Limitations}{section.2.3}% 19
\BOOKMARK [2][-]{subsection.2.3.4}{Parallel Operations}{section.2.3}% 20
\BOOKMARK [2][-]{subsection.2.3.5}{Documents Related}{section.2.3}% 21
\BOOKMARK [1][-]{section.2.4}{Assumptions}{chapter.2}% 22
\BOOKMARK [1][-]{section.2.5}{Future possible Implementations}{chapter.2}% 23
\BOOKMARK [0][-]{chapter.3}{Specific Requirements}{}% 24
\BOOKMARK [1][-]{section.3.1}{External Interface Requirements}{chapter.3}% 25
\BOOKMARK [2][-]{subsection.3.1.1}{User Interfaces}{section.3.1}% 26
\BOOKMARK [2][-]{subsection.3.1.2}{}{section.3.1}% 27
\BOOKMARK [2][-]{subsection.3.1.3}{Software Interfaces}{section.3.1}% 28
\BOOKMARK [2][-]{subsection.3.1.4}{Interfaces to Others Application}{section.3.1}% 29
\BOOKMARK [2][-]{subsection.3.1.5}{Communication Interfaces}{section.3.1}% 30
\BOOKMARK [1][-]{section.3.2}{Functional Requirements}{chapter.3}% 31
\BOOKMARK [2][-]{subsection.3.2.1}{Functional Requirements for Guest Users}{section.3.2}% 32
\BOOKMARK [2][-]{subsection.3.2.2}{Functional Requirements for Registered Users}{section.3.2}% 33
\BOOKMARK [2][-]{subsection.3.2.3}{Functional Requirements for Customers}{section.3.2}% 34
\BOOKMARK [2][-]{subsection.3.2.4}{Functional Requirements for Taxi Drivers}{section.3.2}% 35
\BOOKMARK [1][-]{section.3.3}{Scenarios}{chapter.3}% 36
\BOOKMARK [1][-]{section.3.4}{UML Models}{chapter.3}% 37
\BOOKMARK [2][-]{subsection.3.4.1}{Use-Case Diagrams}{section.3.4}% 38
\BOOKMARK [2][-]{subsection.3.4.2}{Class Diagrams}{section.3.4}% 39
\BOOKMARK [2][-]{subsection.3.4.3}{State Machine Diagrams}{section.3.4}% 40
\BOOKMARK [1][-]{section.3.5}{Non Functional Requirements}{chapter.3}% 41
\BOOKMARK [2][-]{subsection.3.5.1}{Performance Requirements}{section.3.5}% 42
\BOOKMARK [2][-]{subsection.3.5.2}{Design Constraints}{section.3.5}% 43
\BOOKMARK [2][-]{subsection.3.5.3}{Software System Attributes}{section.3.5}% 44
\BOOKMARK [2][-]{subsection.3.5.4}{Security}{section.3.5}% 45
\BOOKMARK [0][-]{chapter.4}{Appendix}{}% 46
