\BOOKMARK [0][-]{chapter.1}{Classes Assigned}{}% 1
\BOOKMARK [0][-]{chapter.2}{Functional Role of the Classes Assigned}{}% 2
\BOOKMARK [1][-]{section.2.1}{The Class}{chapter.2}% 3
\BOOKMARK [1][-]{section.2.2}{Method: addConnector}{chapter.2}% 4
\BOOKMARK [2][-]{subsection.2.2.1}{Javadoc}{section.2.2}% 5
\BOOKMARK [2][-]{subsection.2.2.2}{Functioning}{section.2.2}% 6
\BOOKMARK [1][-]{section.2.3}{Method: removeConnector}{chapter.2}% 7
\BOOKMARK [2][-]{subsection.2.3.1}{Javadoc}{section.2.3}% 8
\BOOKMARK [2][-]{subsection.2.3.2}{Functioning}{section.2.3}% 9
\BOOKMARK [1][-]{section.2.4}{Method: start}{chapter.2}% 10
\BOOKMARK [2][-]{subsection.2.4.1}{Javadoc}{section.2.4}% 11
\BOOKMARK [2][-]{subsection.2.4.2}{Functioning}{section.2.4}% 12
\BOOKMARK [1][-]{section.2.5}{Method: stop}{chapter.2}% 13
\BOOKMARK [2][-]{subsection.2.5.1}{Javadoc}{section.2.5}% 14
\BOOKMARK [2][-]{subsection.2.5.2}{Functioning}{section.2.5}% 15
\BOOKMARK [1][-]{section.2.6}{Method: initialize}{chapter.2}% 16
\BOOKMARK [2][-]{subsection.2.6.1}{Javadoc}{section.2.6}% 17
\BOOKMARK [2][-]{subsection.2.6.2}{Functioning}{section.2.6}% 18
\BOOKMARK [0][-]{chapter.3}{Issues Found}{}% 19
\BOOKMARK [1][-]{section.3.1}{Class Issues}{chapter.3}% 20
\BOOKMARK [1][-]{section.3.2}{Method: addConnector}{chapter.3}% 21
\BOOKMARK [1][-]{section.3.3}{Method: removeConnector}{chapter.3}% 22
\BOOKMARK [1][-]{section.3.4}{Method: start}{chapter.3}% 23
\BOOKMARK [1][-]{section.3.5}{Method: stop}{chapter.3}% 24
\BOOKMARK [1][-]{section.3.6}{Method: initialize}{chapter.3}% 25
\BOOKMARK [0][-]{chapter.4}{Other Problems}{}% 26
\BOOKMARK [0][-]{chapter.5}{Additional Material}{}% 27
\BOOKMARK [1][-]{section.5.1}{Code Inspection Checklist}{chapter.5}% 28
\BOOKMARK [0][-]{chapter.6}{Appendix}{}% 29
\BOOKMARK [1][-]{section.6.1}{Used Software}{chapter.6}% 30
\BOOKMARK [1][-]{section.6.2}{Document References}{chapter.6}% 31
\BOOKMARK [1][-]{section.6.3}{Hours of Work}{chapter.6}% 32
