\BOOKMARK [0][-]{chapter.1}{Introduction}{}% 1
\BOOKMARK [1][-]{section.1.1}{Purpose and Scope}{chapter.1}% 2
\BOOKMARK [2][-]{subsection.1.1.1}{Purpose}{section.1.1}% 3
\BOOKMARK [2][-]{subsection.1.1.2}{Scope}{section.1.1}% 4
\BOOKMARK [1][-]{section.1.2}{List of Definitions and Abbreviations}{chapter.1}% 5
\BOOKMARK [2][-]{subsection.1.2.1}{Definitions}{section.1.2}% 6
\BOOKMARK [2][-]{subsection.1.2.2}{Abbreviations}{section.1.2}% 7
\BOOKMARK [1][-]{section.1.3}{List of Reference Documents}{chapter.1}% 8
\BOOKMARK [0][-]{chapter.2}{Project Size, Effort and Cost}{}% 9
\BOOKMARK [1][-]{section.2.1}{Project Size}{chapter.2}% 10
\BOOKMARK [2][-]{subsection.2.1.1}{Internal Logical Files}{section.2.1}% 11
\BOOKMARK [2][-]{subsection.2.1.2}{External Interface Files}{section.2.1}% 12
\BOOKMARK [2][-]{subsection.2.1.3}{External Inputs}{section.2.1}% 13
\BOOKMARK [2][-]{subsection.2.1.4}{External Inquiries}{section.2.1}% 14
\BOOKMARK [2][-]{subsection.2.1.5}{External Outputs}{section.2.1}% 15
\BOOKMARK [2][-]{subsection.2.1.6}{Computation of Total Functional Points}{section.2.1}% 16
\BOOKMARK [1][-]{section.2.2}{Project Effort and Cost}{chapter.2}% 17
\BOOKMARK [2][-]{subsection.2.2.1}{Computation of E parameter}{section.2.2}% 18
\BOOKMARK [2][-]{subsection.2.2.2}{Computation of EAF parameter}{section.2.2}% 19
\BOOKMARK [2][-]{subsection.2.2.3}{Effort and Duration}{section.2.2}% 20
\BOOKMARK [0][-]{chapter.3}{Project Tasks and Schedule}{}% 21
\BOOKMARK [0][-]{chapter.4}{Project Risks and Recovery Actions}{}% 22
\BOOKMARK [1][-]{section.4.1}{Internet Connection Failure}{chapter.4}% 23
\BOOKMARK [1][-]{section.4.2}{GPS Not Enabled}{chapter.4}% 24
\BOOKMARK [1][-]{section.4.3}{System Communication Failure}{chapter.4}% 25
\BOOKMARK [1][-]{section.4.4}{Environmental Problems and Servers Breakdown}{chapter.4}% 26
\BOOKMARK [1][-]{section.4.5}{Accident Notification}{chapter.4}% 27
\BOOKMARK [0][-]{chapter.5}{Appendix}{}% 28
\BOOKMARK [1][-]{section.5.1}{Used Software}{chapter.5}% 29
\BOOKMARK [1][-]{section.5.2}{Hours of Work}{chapter.5}% 30
