\BOOKMARK [0][-]{chapter.1}{Introduction}{}% 1
\BOOKMARK [1][-]{section.1.1}{Purpose}{chapter.1}% 2
\BOOKMARK [1][-]{section.1.2}{Actual System}{chapter.1}% 3
\BOOKMARK [1][-]{section.1.3}{Scope}{chapter.1}% 4
\BOOKMARK [1][-]{section.1.4}{Actors}{chapter.1}% 5
\BOOKMARK [1][-]{section.1.5}{Goals}{chapter.1}% 6
\BOOKMARK [1][-]{section.1.6}{Definitions, Acronyms, Abbreviations}{chapter.1}% 7
\BOOKMARK [2][-]{subsection.1.6.1}{Definitions}{section.1.6}% 8
\BOOKMARK [2][-]{subsection.1.6.2}{Acronyms}{section.1.6}% 9
\BOOKMARK [2][-]{subsection.1.6.3}{Abbreviations}{section.1.6}% 10
\BOOKMARK [1][-]{section.1.7}{Reference documents}{chapter.1}% 11
\BOOKMARK [1][-]{section.1.8}{Document overview.}{chapter.1}% 12
\BOOKMARK [0][-]{chapter.2}{Overall Description}{}% 13
\BOOKMARK [1][-]{section.2.1}{Product perspective}{chapter.2}% 14
\BOOKMARK [1][-]{section.2.2}{User Characteristics}{chapter.2}% 15
\BOOKMARK [1][-]{section.2.3}{Constrains}{chapter.2}% 16
\BOOKMARK [2][-]{subsection.2.3.1}{Regulatory Policies}{section.2.3}% 17
\BOOKMARK [2][-]{subsection.2.3.2}{Hardware Limitations}{section.2.3}% 18
\BOOKMARK [2][-]{subsection.2.3.3}{Software Limitations}{section.2.3}% 19
\BOOKMARK [2][-]{subsection.2.3.4}{Parallel Operations}{section.2.3}% 20
\BOOKMARK [2][-]{subsection.2.3.5}{Documents Related}{section.2.3}% 21
\BOOKMARK [1][-]{section.2.4}{Assumptions}{chapter.2}% 22
\BOOKMARK [1][-]{section.2.5}{Future possible Implementations}{chapter.2}% 23
\BOOKMARK [0][-]{chapter.3}{Specific Requirements}{}% 24
\BOOKMARK [1][-]{section.3.1}{External Interface Requirements}{chapter.3}% 25
\BOOKMARK [2][-]{subsection.3.1.1}{User Interfaces}{section.3.1}% 26
\BOOKMARK [3][-]{subsubsection.3.1.1.1}{Login}{subsection.3.1.1}% 27
\BOOKMARK [3][-]{subsubsection.3.1.1.2}{Customer registration}{subsection.3.1.1}% 28
\BOOKMARK [3][-]{subsubsection.3.1.1.3}{Taxi Drivers registration}{subsection.3.1.1}% 29
\BOOKMARK [3][-]{subsubsection.3.1.1.4}{Customer home page}{subsection.3.1.1}% 30
\BOOKMARK [3][-]{subsubsection.3.1.1.5}{Reservation page}{subsection.3.1.1}% 31
\BOOKMARK [3][-]{subsubsection.3.1.1.6}{My reservation Page}{subsection.3.1.1}% 32
\BOOKMARK [3][-]{subsubsection.3.1.1.7}{Customer notification pop-up}{subsection.3.1.1}% 33
\BOOKMARK [3][-]{subsubsection.3.1.1.8}{User page}{subsection.3.1.1}% 34
\BOOKMARK [3][-]{subsubsection.3.1.1.9}{Taxi Driver home page}{subsection.3.1.1}% 35
\BOOKMARK [3][-]{subsubsection.3.1.1.10}{Taxi Driver notification}{subsection.3.1.1}% 36
\BOOKMARK [3][-]{subsubsection.3.1.1.11}{Registered user end ride page}{subsection.3.1.1}% 37
\BOOKMARK [2][-]{subsection.3.1.2}{Hardware Interfaces}{section.3.1}% 38
\BOOKMARK [2][-]{subsection.3.1.3}{Software Interfaces}{section.3.1}% 39
\BOOKMARK [2][-]{subsection.3.1.4}{Interfaces to Other Applications}{section.3.1}% 40
\BOOKMARK [2][-]{subsection.3.1.5}{Communication Interfaces}{section.3.1}% 41
\BOOKMARK [1][-]{section.3.2}{Functional Requirements}{chapter.3}% 42
\BOOKMARK [2][-]{subsection.3.2.1}{Functional Requirements for Guest Users}{section.3.2}% 43
\BOOKMARK [3][-]{subsubsection.3.2.1.1}{[[sec:g1]G.1 - Allow guest users to become customers creating a myTaxiService Account]}{subsection.3.2.1}% 44
\BOOKMARK [3][-]{subsubsection.3.2.1.2}{[[sec:g2]G.2 - Allow a Guest User to become a Customer using his Facebook Account]}{subsection.3.2.1}% 45
\BOOKMARK [3][-]{subsubsection.3.2.1.3}{[[sec:g3]G.3 Allow guest users to become a taxi driver]}{subsection.3.2.1}% 46
\BOOKMARK [3][-]{subsubsection.3.2.1.4}{[[sec:g4]G.4 Allow Guest Users to log in with myTaxiService account.]}{subsection.3.2.1}% 47
\BOOKMARK [3][-]{subsubsection.3.2.1.5}{[[sec:g5]G.5 Allow Guest Users to log in with Facebook account.]}{subsection.3.2.1}% 48
\BOOKMARK [2][-]{subsection.3.2.2}{Functional Requirements for Registered Users}{section.3.2}% 49
\BOOKMARK [3][-]{subsubsection.3.2.2.1}{[[sec:g6]G.6 Allow a Registered User to view or modify his username and email.]}{subsection.3.2.2}% 50
\BOOKMARK [3][-]{subsubsection.3.2.2.2}{[[sec:g7]G.7 Allow a Registered User to retrieve his password if he doesn't remember it.]}{subsection.3.2.2}% 51
\BOOKMARK [3][-]{subsubsection.3.2.2.3}{[[sec:g8]G.8 Allow a Registered User to signal another one if he has made a bad use of the system.]}{subsection.3.2.2}% 52
\BOOKMARK [2][-]{subsection.3.2.3}{Functional Requirements for Customers}{section.3.2}% 53
\BOOKMARK [3][-]{subsubsection.3.2.3.1}{[[sec:g9]G.9 Allow customers to require a taxi.]}{subsection.3.2.3}% 54
\BOOKMARK [3][-]{subsubsection.3.2.3.2}{[[sec:g10]G.10 Allow customers to reserve a ride.]}{subsection.3.2.3}% 55
\BOOKMARK [3][-]{subsubsection.3.2.3.3}{[[sec:g11]G.11 Allow customers to delete a previous reservations.]}{subsection.3.2.3}% 56
\BOOKMARK [2][-]{subsection.3.2.4}{Functional Requirements for Taxi Drivers}{section.3.2}% 57
\BOOKMARK [3][-]{subsubsection.3.2.4.1}{[[sec:g12]G.12 Allow Taxi Drivers to accept or decline a ride request.]}{subsection.3.2.4}% 58
\BOOKMARK [3][-]{subsubsection.3.2.4.2}{[[sec:g13]G.13 Allow Taxi Drivers to notify their availability.]}{subsection.3.2.4}% 59
\BOOKMARK [1][-]{section.3.3}{Scenarios}{chapter.3}% 60
\BOOKMARK [2][-]{subsection.3.3.1}{S.1 Registration as a Customer creating a myTaxiService account}{section.3.3}% 61
\BOOKMARK [2][-]{subsection.3.3.2}{S.2 Registration as a Customer using a Facebook Account}{section.3.3}% 62
\BOOKMARK [2][-]{subsection.3.3.3}{S.3 Registration as a Taxi Driver creating a new Taxi Driver myTaxiService account.}{section.3.3}% 63
\BOOKMARK [2][-]{subsection.3.3.4}{S.4 Login with a myTaxiService account.}{section.3.3}% 64
\BOOKMARK [2][-]{subsection.3.3.5}{S.5 Customer Login with Facebook}{section.3.3}% 65
\BOOKMARK [2][-]{subsection.3.3.6}{S.6 Profile Modification.}{section.3.3}% 66
\BOOKMARK [2][-]{subsection.3.3.7}{S.7 Password Retrieval}{section.3.3}% 67
\BOOKMARK [2][-]{subsection.3.3.8}{S.8 Reporting Abuses}{section.3.3}% 68
\BOOKMARK [2][-]{subsection.3.3.9}{S.9 Require a Taxi}{section.3.3}% 69
\BOOKMARK [2][-]{subsection.3.3.10}{S.10 Reserve a Taxi}{section.3.3}% 70
\BOOKMARK [2][-]{subsection.3.3.11}{S.11 Delete a Reservation}{section.3.3}% 71
\BOOKMARK [2][-]{subsection.3.3.12}{S.12 Taxi Driver Accepts or Decline a Ride Request}{section.3.3}% 72
\BOOKMARK [2][-]{subsection.3.3.13}{S.13 Notify Taxi Driver Availability}{section.3.3}% 73
\BOOKMARK [1][-]{section.3.4}{UML Models}{chapter.3}% 74
\BOOKMARK [2][-]{subsection.3.4.1}{Use Case Diagram}{section.3.4}% 75
\BOOKMARK [2][-]{subsection.3.4.2}{UML Class Diagram}{section.3.4}% 76
\BOOKMARK [2][-]{subsection.3.4.3}{UML Interaction Diagrams}{section.3.4}% 77
\BOOKMARK [3][-]{subsubsection.3.4.3.1}{Registration through the creation of a new myTaxiService account.}{subsection.3.4.3}% 78
\BOOKMARK [3][-]{subsubsection.3.4.3.2}{Registration using a Facebook account.}{subsection.3.4.3}% 79
\BOOKMARK [3][-]{subsubsection.3.4.3.3}{Taxi Driver Registration}{subsection.3.4.3}% 80
\BOOKMARK [3][-]{subsubsection.3.4.3.4}{Registered User Login}{subsection.3.4.3}% 81
\BOOKMARK [3][-]{subsubsection.3.4.3.5}{Customer Facebook Login}{subsection.3.4.3}% 82
\BOOKMARK [3][-]{subsubsection.3.4.3.6}{Profile Modification}{subsection.3.4.3}% 83
\BOOKMARK [3][-]{subsubsection.3.4.3.7}{Password Retreival}{subsection.3.4.3}% 84
\BOOKMARK [3][-]{subsubsection.3.4.3.8}{Taxi Driver Reporting}{subsection.3.4.3}% 85
\BOOKMARK [3][-]{subsubsection.3.4.3.9}{Customer Reporting}{subsection.3.4.3}% 86
\BOOKMARK [3][-]{subsubsection.3.4.3.10}{Request a Taxi}{subsection.3.4.3}% 87
\BOOKMARK [3][-]{subsubsection.3.4.3.11}{Reserve a Taxi}{subsection.3.4.3}% 88
\BOOKMARK [3][-]{subsubsection.3.4.3.12}{Delete a Reservation}{subsection.3.4.3}% 89
\BOOKMARK [3][-]{subsubsection.3.4.3.13}{Accept or Decline a Ride Request}{subsection.3.4.3}% 90
\BOOKMARK [3][-]{subsubsection.3.4.3.14}{Taxi Driver Availability Notification}{subsection.3.4.3}% 91
\BOOKMARK [2][-]{subsection.3.4.4}{State Machine Diagrams}{section.3.4}% 92
\BOOKMARK [3][-]{subsubsection.3.4.4.1}{Taxi Request State Machine}{subsection.3.4.4}% 93
\BOOKMARK [3][-]{subsubsection.3.4.4.2}{Taxi Driver State Machine}{subsection.3.4.4}% 94
\BOOKMARK [1][-]{section.3.5}{Non Functional Requirements}{chapter.3}% 95
\BOOKMARK [2][-]{subsection.3.5.1}{Performance Requirements}{section.3.5}% 96
\BOOKMARK [2][-]{subsection.3.5.2}{Design Constraints}{section.3.5}% 97
\BOOKMARK [2][-]{subsection.3.5.3}{Software System Attributes}{section.3.5}% 98
\BOOKMARK [3][-]{subsubsection.3.5.3.1}{Adaptibility}{subsection.3.5.3}% 99
\BOOKMARK [3][-]{subsubsection.3.5.3.2}{Availability}{subsection.3.5.3}% 100
\BOOKMARK [3][-]{subsubsection.3.5.3.3}{Compatibility}{subsection.3.5.3}% 101
\BOOKMARK [3][-]{subsubsection.3.5.3.4}{Fault-Tolerance}{subsection.3.5.3}% 102
\BOOKMARK [3][-]{subsubsection.3.5.3.5}{Maintainability}{subsection.3.5.3}% 103
\BOOKMARK [3][-]{subsubsection.3.5.3.6}{Modularity}{subsection.3.5.3}% 104
\BOOKMARK [3][-]{subsubsection.3.5.3.7}{Portability}{subsection.3.5.3}% 105
\BOOKMARK [3][-]{subsubsection.3.5.3.8}{Simplicity}{subsection.3.5.3}% 106
\BOOKMARK [2][-]{subsection.3.5.4}{Security}{section.3.5}% 107
\BOOKMARK [3][-]{subsubsection.3.5.4.1}{Application and User Interface Side}{subsection.3.5.4}% 108
\BOOKMARK [3][-]{subsubsection.3.5.4.2}{Server Side}{subsection.3.5.4}% 109
\BOOKMARK [0][-]{chapter.4}{Appendix}{}% 110
